This is pdfTeX, Version 3.14159265-2.6-1.40.18 (TeX Live 2017/Debian) (preloaded format=pdflatex 2018.10.18)  23 OCT 2018 05:37
entering extended mode
 restricted \write18 enabled.
 %&-line parsing enabled.
**Project2WriteUP.tex
(./Project2WriteUP.tex
LaTeX2e <2017-04-15>
Babel <3.18> and hyphenation patterns for 5 language(s) loaded.
(/usr/share/texlive/texmf-dist/tex/latex/base/article.cls
Document Class: article 2014/09/29 v1.4h Standard LaTeX document class
(/usr/share/texlive/texmf-dist/tex/latex/base/size12.clo
File: size12.clo 2014/09/29 v1.4h Standard LaTeX file (size option)
)
\c@part=\count79
\c@section=\count80
\c@subsection=\count81
\c@subsubsection=\count82
\c@paragraph=\count83
\c@subparagraph=\count84
\c@figure=\count85
\c@table=\count86
\abovecaptionskip=\skip41
\belowcaptionskip=\skip42
\bibindent=\dimen102
)
(/usr/share/texlive/texmf-dist/tex/latex/graphics/graphicx.sty
Package: graphicx 2017/06/01 v1.1a Enhanced LaTeX Graphics (DPC,SPQR)

(/usr/share/texlive/texmf-dist/tex/latex/graphics/keyval.sty
Package: keyval 2014/10/28 v1.15 key=value parser (DPC)
\KV@toks@=\toks14
)
(/usr/share/texlive/texmf-dist/tex/latex/graphics/graphics.sty
Package: graphics 2017/06/25 v1.2c Standard LaTeX Graphics (DPC,SPQR)

(/usr/share/texlive/texmf-dist/tex/latex/graphics/trig.sty
Package: trig 2016/01/03 v1.10 sin cos tan (DPC)
)
(/usr/share/texlive/texmf-dist/tex/latex/graphics-cfg/graphics.cfg
File: graphics.cfg 2016/06/04 v1.11 sample graphics configuration
)
Package graphics Info: Driver file: pdftex.def on input line 99.

(/usr/share/texlive/texmf-dist/tex/latex/graphics-def/pdftex.def
File: pdftex.def 2018/01/08 v1.0l Graphics/color driver for pdftex
))
\Gin@req@height=\dimen103
\Gin@req@width=\dimen104
)
(./Project2WriteUP.aux)
\openout1 = `Project2WriteUP.aux'.

LaTeX Font Info:    Checking defaults for OML/cmm/m/it on input line 8.
LaTeX Font Info:    ... okay on input line 8.
LaTeX Font Info:    Checking defaults for T1/cmr/m/n on input line 8.
LaTeX Font Info:    ... okay on input line 8.
LaTeX Font Info:    Checking defaults for OT1/cmr/m/n on input line 8.
LaTeX Font Info:    ... okay on input line 8.
LaTeX Font Info:    Checking defaults for OMS/cmsy/m/n on input line 8.
LaTeX Font Info:    ... okay on input line 8.
LaTeX Font Info:    Checking defaults for OMX/cmex/m/n on input line 8.
LaTeX Font Info:    ... okay on input line 8.
LaTeX Font Info:    Checking defaults for U/cmr/m/n on input line 8.
LaTeX Font Info:    ... okay on input line 8.

(/usr/share/texlive/texmf-dist/tex/context/base/mkii/supp-pdf.mkii
[Loading MPS to PDF converter (version 2006.09.02).]
\scratchcounter=\count87
\scratchdimen=\dimen105
\scratchbox=\box26
\nofMPsegments=\count88
\nofMParguments=\count89
\everyMPshowfont=\toks15
\MPscratchCnt=\count90
\MPscratchDim=\dimen106
\MPnumerator=\count91
\makeMPintoPDFobject=\count92
\everyMPtoPDFconversion=\toks16
) (/usr/share/texlive/texmf-dist/tex/latex/oberdiek/epstopdf-base.sty
Package: epstopdf-base 2016/05/15 v2.6 Base part for package epstopdf

(/usr/share/texlive/texmf-dist/tex/generic/oberdiek/infwarerr.sty
Package: infwarerr 2016/05/16 v1.4 Providing info/warning/error messages (HO)
)
(/usr/share/texlive/texmf-dist/tex/latex/oberdiek/grfext.sty
Package: grfext 2016/05/16 v1.2 Manage graphics extensions (HO)

(/usr/share/texlive/texmf-dist/tex/generic/oberdiek/kvdefinekeys.sty
Package: kvdefinekeys 2016/05/16 v1.4 Define keys (HO)

(/usr/share/texlive/texmf-dist/tex/generic/oberdiek/ltxcmds.sty
Package: ltxcmds 2016/05/16 v1.23 LaTeX kernel commands for general use (HO)
)))
(/usr/share/texlive/texmf-dist/tex/latex/oberdiek/kvoptions.sty
Package: kvoptions 2016/05/16 v3.12 Key value format for package options (HO)

(/usr/share/texlive/texmf-dist/tex/generic/oberdiek/kvsetkeys.sty
Package: kvsetkeys 2016/05/16 v1.17 Key value parser (HO)

(/usr/share/texlive/texmf-dist/tex/generic/oberdiek/etexcmds.sty
Package: etexcmds 2016/05/16 v1.6 Avoid name clashes with e-TeX commands (HO)

(/usr/share/texlive/texmf-dist/tex/generic/oberdiek/ifluatex.sty
Package: ifluatex 2016/05/16 v1.4 Provides the ifluatex switch (HO)
Package ifluatex Info: LuaTeX not detected.
)
Package etexcmds Info: Could not find \expanded.
(etexcmds)             That can mean that you are not using pdfTeX 1.50 or
(etexcmds)             that some package has redefined \expanded.
(etexcmds)             In the latter case, load this package earlier.
)))
(/usr/share/texlive/texmf-dist/tex/generic/oberdiek/pdftexcmds.sty
Package: pdftexcmds 2018/01/21 v0.26 Utility functions of pdfTeX for LuaTeX (HO
)

(/usr/share/texlive/texmf-dist/tex/generic/oberdiek/ifpdf.sty
Package: ifpdf 2017/03/15 v3.2 Provides the ifpdf switch
)
Package pdftexcmds Info: LuaTeX not detected.
Package pdftexcmds Info: \pdf@primitive is available.
Package pdftexcmds Info: \pdf@ifprimitive is available.
Package pdftexcmds Info: \pdfdraftmode found.
)
Package epstopdf-base Info: Redefining graphics rule for `.eps' on input line 4
38.
Package grfext Info: Graphics extension search list:
(grfext)             [.pdf,.png,.jpg,.mps,.jpeg,.jbig2,.jb2,.PDF,.PNG,.JPG,.JPE
G,.JBIG2,.JB2,.eps]
(grfext)             \AppendGraphicsExtensions on input line 456.

(/usr/share/texlive/texmf-dist/tex/latex/latexconfig/epstopdf-sys.cfg
File: epstopdf-sys.cfg 2010/07/13 v1.3 Configuration of (r)epstopdf for TeX Liv
e
))
LaTeX Font Info:    External font `cmex10' loaded for size
(Font)              <14.4> on input line 10.
LaTeX Font Info:    External font `cmex10' loaded for size
(Font)              <7> on input line 10.

[1

{/var/lib/texmf/fonts/map/pdftex/updmap/pdftex.map}]
LaTeX Font Info:    External font `cmex10' loaded for size
(Font)              <12> on input line 25.
LaTeX Font Info:    External font `cmex10' loaded for size
(Font)              <8> on input line 25.
LaTeX Font Info:    External font `cmex10' loaded for size
(Font)              <6> on input line 25.
<Pictures/scree.png, id=8, 387.4475pt x 279.0425pt>
File: Pictures/scree.png Graphic file (type png)
<use Pictures/scree.png>
Package pdftex.def Info: Pictures/scree.png  used on input line 31.
(pdftex.def)             Requested size: 390.0pt x 280.88545pt.
 [1]
<Pictures/pca.png, id=16, 389.455pt x 279.0425pt>
File: Pictures/pca.png Graphic file (type png)
<use Pictures/pca.png>
Package pdftex.def Info: Pictures/pca.png  used on input line 44.
(pdftex.def)             Requested size: 390.0pt x 279.44203pt.
 [2 <./Pictures/scree.png>] [3 <./Pictures/pca.png>]
<Pictures/Dunn.png, id=27, 396.48125pt x 279.0425pt>
File: Pictures/Dunn.png Graphic file (type png)
<use Pictures/Dunn.png>
Package pdftex.def Info: Pictures/Dunn.png  used on input line 60.
(pdftex.def)             Requested size: 390.0pt x 274.48592pt.
<Pictures/DunnPCA.png, id=28, 390.45876pt x 279.0425pt>
File: Pictures/DunnPCA.png Graphic file (type png)
<use Pictures/DunnPCA.png>
Package pdftex.def Info: Pictures/DunnPCA.png  used on input line 65.
(pdftex.def)             Requested size: 390.0pt x 278.72672pt.
<Pictures/PCACluster.png, id=29, 389.455pt x 279.0425pt>
File: Pictures/PCACluster.png Graphic file (type png)
<use Pictures/PCACluster.png>
Package pdftex.def Info: Pictures/PCACluster.png  used on input line 70.
(pdftex.def)             Requested size: 390.0pt x 279.44203pt.
<Pictures/DunEM.png, id=30, 390.45876pt x 279.0425pt>
File: Pictures/DunEM.png Graphic file (type png)
<use Pictures/DunEM.png>
Package pdftex.def Info: Pictures/DunEM.png  used on input line 80.
(pdftex.def)             Requested size: 390.0pt x 278.72672pt.
<Pictures/EM.png, id=31, 411.5375pt x 279.0425pt>
File: Pictures/EM.png Graphic file (type png)
<use Pictures/EM.png>
Package pdftex.def Info: Pictures/EM.png  used on input line 85.
(pdftex.def)             Requested size: 390.0pt x 264.44167pt.
 [4] [5 <./Pictures/Dunn.png>] [6 <./Pictures/DunnPCA.png>] [7 <./Pictures/PCAC
luster.png>] [8 <./Pictures/DunEM.png>] [9 <./Pictures/EM.png>] [10] [11] [12] 
[13] (./Project2WriteUP.aux) ) 
Here is how much of TeX's memory you used:
 1486 strings out of 494880
 21478 string characters out of 6179600
 74684 words of memory out of 5000000
 4811 multiletter control sequences out of 15000+600000
 8501 words of font info for 30 fonts, out of 8000000 for 9000
 36 hyphenation exceptions out of 8191
 41i,6n,25p,979b,218s stack positions out of 5000i,500n,10000p,200000b,80000s
</usr/share/texlive/texmf-dist/fonts/type1/public
/amsfonts/cm/cmbx12.pfb></usr/share/texlive/texmf-dist/fonts/type1/public/amsfo
nts/cm/cmex10.pfb></usr/share/texlive/texmf-dist/fonts/type1/public/amsfonts/cm
/cmmi12.pfb></usr/share/texlive/texmf-dist/fonts/type1/public/amsfonts/cm/cmmi6
.pfb></usr/share/texlive/texmf-dist/fonts/type1/public/amsfonts/cm/cmmi8.pfb></
usr/share/texlive/texmf-dist/fonts/type1/public/amsfonts/cm/cmr12.pfb></usr/sha
re/texlive/texmf-dist/fonts/type1/public/amsfonts/cm/cmr17.pfb></usr/share/texl
ive/texmf-dist/fonts/type1/public/amsfonts/cm/cmr6.pfb></usr/share/texlive/texm
f-dist/fonts/type1/public/amsfonts/cm/cmr8.pfb></usr/share/texlive/texmf-dist/f
onts/type1/public/amsfonts/cm/cmsy10.pfb></usr/share/texlive/texmf-dist/fonts/t
ype1/public/amsfonts/cm/cmsy8.pfb>
Output written on Project2WriteUP.pdf (14 pages, 178850 bytes).
PDF statistics:
 109 PDF objects out of 1000 (max. 8388607)
 67 compressed objects within 1 object stream
 0 named destinations out of 1000 (max. 500000)
 36 words of extra memory for PDF output out of 10000 (max. 10000000)

